<?xml version="1.0" encoding="UTF-8"?>
<testng-results ignored="0" total="1" passed="1" failed="0" skipped="0">
  <reporter-output>
    <line>
      <![CDATA[running verifyText]]>
    </line>
    <line>
      <![CDATA[logout from app]]>
    </line>
    <line>
      <![CDATA[close the browser]]>
    </line>
  </reporter-output>
  <suite started-at="2023-01-11T16:13:28 IST" name="Default suite" finished-at="2023-01-11T16:13:49 IST" duration-ms="20870">
    <groups>
    </groups>
    <test started-at="2023-01-11T16:13:28 IST" name="Default test" finished-at="2023-01-11T16:13:49 IST" duration-ms="20870">
      <class name="PageFactory_testng.Test01">
        <test-method is-config="true" signature="openBrowser()[pri:0, instance:PageFactory_testng.Test01@37d4349f]" started-at="2023-01-11T16:13:28 IST" name="openBrowser" finished-at="2023-01-11T16:13:43 IST" duration-ms="14363" status="PASS">
          <reporter-output>
          </reporter-output>
        </test-method> <!-- openBrowser -->
        <test-method is-config="true" signature="openApp()[pri:0, instance:PageFactory_testng.Test01@37d4349f]" started-at="2023-01-11T16:13:43 IST" name="openApp" finished-at="2023-01-11T16:13:43 IST" duration-ms="290" status="PASS">
          <reporter-output>
          </reporter-output>
        </test-method> <!-- openApp -->
        <test-method signature="verifyText()[pri:0, instance:PageFactory_testng.Test01@37d4349f]" started-at="2023-01-11T16:13:43 IST" name="verifyText" finished-at="2023-01-11T16:13:47 IST" duration-ms="4181" status="PASS">
          <reporter-output>
            <line>
              <![CDATA[running verifyText]]>
            </line>
          </reporter-output>
        </test-method> <!-- verifyText -->
        <test-method is-config="true" signature="logout()[pri:0, instance:PageFactory_testng.Test01@37d4349f]" started-at="2023-01-11T16:13:47 IST" name="logout" finished-at="2023-01-11T16:13:49 IST" duration-ms="1814" status="PASS">
          <reporter-output>
            <line>
              <![CDATA[logout from app]]>
            </line>
          </reporter-output>
        </test-method> <!-- logout -->
        <test-method is-config="true" signature="closeBrowser()[pri:0, instance:PageFactory_testng.Test01@37d4349f]" started-at="2023-01-11T16:13:49 IST" name="closeBrowser" finished-at="2023-01-11T16:13:49 IST" duration-ms="168" status="PASS">
          <reporter-output>
            <line>
              <![CDATA[close the browser]]>
            </line>
          </reporter-output>
        </test-method> <!-- closeBrowser -->
      </class> <!-- PageFactory_testng.Test01 -->
    </test> <!-- Default test -->
  </suite> <!-- Default suite -->
</testng-results>
